RAN_PATH
RAN_CMD
CUDA_VISIBLE_DEVICES 1
dictionary: data/lang_char/train_mixed_new_0.1_unigram1000_units.txt
stage 4: Network Training
RAN_PATH
RAN_CMD
CUDA_VISIBLE_DEVICES 1
dictionary: data/lang_char/train_mixed_new_0.1_unigram1000_units.txt
stage 4: Network Training
RAN_PATH
RAN_CMD
CUDA_VISIBLE_DEVICES 1
dictionary: data/lang_char/train_mixed_new_0.1_unigram1000_units.txt
stage 4: Network Training
RAN_PATH
RAN_CMD
CUDA_VISIBLE_DEVICES 1
dictionary: data/lang_char/train_mixed_new_0.1_unigram1000_units.txt
stage 4: Network Training
RAN_PATH
RAN_CMD
CUDA_VISIBLE_DEVICES 1
dictionary: data/lang_char/train_mixed_new_0.1_unigram1000_units.txt
stage 4: Network Training
stage 5: Decoding
write a CER (or TER) result in exp/train_mixed_new_0.1_pytorch_vggblstm_e3_subsample2_2_2_unit512_proj512_d1_unit512_location_aconvc10_aconvf100_mtlalpha0.0_drop0.5_adadelta_sampprob0.3_bs12_mli600_mlo150_beamsize_10_delta/decode_test_non_us_mp3_beam10_emodel.acc.best_p0.1_len0.2-0.8_ctcw0_rnnlm0_1layer_unit1024_sgd_bs1024/result.txt
write a WER result in exp/train_mixed_new_0.1_pytorch_vggblstm_e3_subsample2_2_2_unit512_proj512_d1_unit512_location_aconvc10_aconvf100_mtlalpha0.0_drop0.5_adadelta_sampprob0.3_bs12_mli600_mlo150_beamsize_10_delta/decode_test_non_us_mp3_beam10_emodel.acc.best_p0.1_len0.2-0.8_ctcw0_rnnlm0_1layer_unit1024_sgd_bs1024/result.wrd.txt
./run_modified.sh: 1 background jobs are failed.
